<?php 
$servername = "localhost";
$username = "baseapp";
$password = "wpoventools";
$dbname = "wpoven_tools";
// Create connection
$conn = new mysqli($servername, $username, $password, $dbname);
// Check connection
if ($conn->connect_error) {
  die("Connection failed: " . $conn->connect_error);
}

$val = file_get_contents('../1dec2021/www.access.log', "r");
$val1 = str_replace(" ",",",$val);
$myfile = fopen("newfile.txt", "w");
fwrite($myfile, $val1);
$myfile = fopen("newfile.txt", "r");

while(($column = fgetcsv($myfile, 10000, ',')) !== FALSE){
     preg_match("/(:.*)/m", $column[3], $a);
     $date = str_replace(array("$a[0]",'Nov', 'Dec','/'),array("","11","12","-"),$column[3]);
     $time = strtotime($date);
     $newformat = date('Y-m-d',$time);
$sql = "INSERT INTO log (ip, dates, val, domain, method, addresses , paths, taken_time, size, percentages)
VALUES ('$column[0]', '$newformat', '$column[4]', '$column[5]', '$column[6]', '$column[7]', '$column[8]', '$column[9]', '$column[10]', '$column[11]')";
$conn->query($sql);
};
$sql1 = "SELECT SUM(taken_time), domain FROM log GROUP BY domain";
$result = $conn->query($sql1);
if ($result->num_rows > 0) {
     // output data of each row
     while($row = $result->fetch_assoc()) {
        //  print_r( "domain: " . $row["domain"]. " - taken_time: " . $row["SUM(taken_time)"]."<br>");
     }
   }
// $sql2 = "DELETE FROM log";
// $conn->query($sql2);
$conn->close();
